<?xml version="1.0" encoding="UTF-8"?>
<testsuite name="com.example.gatlingproj.GotlingProjTest" tests="1" skipped="0" failures="0" errors="0" timestamp="2022-12-02T11:13:56" hostname="LAPTOP-OE0JAP6Q" time="0.24">
  <properties/>
  <testcase name="contextLoads()" classname="com.example.gatlingproj.GotlingProjTest" time="0.24"/>
  <system-out><![CDATA[15:13:50.810 [Test worker] DEBUG org.springframework.test.context.BootstrapUtils - Instantiating CacheAwareContextLoaderDelegate from class [org.springframework.test.context.cache.DefaultCacheAwareContextLoaderDelegate]
15:13:50.829 [Test worker] DEBUG org.springframework.test.context.BootstrapUtils - Instantiating BootstrapContext using constructor [public org.springframework.test.context.support.DefaultBootstrapContext(java.lang.Class,org.springframework.test.context.CacheAwareContextLoaderDelegate)]
15:13:50.870 [Test worker] DEBUG org.springframework.test.context.BootstrapUtils - Instantiating TestContextBootstrapper for test class [com.example.gatlingproj.GotlingProjTest] from class [org.springframework.boot.test.context.SpringBootTestContextBootstrapper]
15:13:50.889 [Test worker] INFO org.springframework.boot.test.context.SpringBootTestContextBootstrapper - Neither @ContextConfiguration nor @ContextHierarchy found for test class [com.example.gatlingproj.GotlingProjTest], using SpringBootContextLoader
15:13:50.895 [Test worker] DEBUG org.springframework.test.context.support.AbstractContextLoader - Did not detect default resource location for test class [com.example.gatlingproj.GotlingProjTest]: class path resource [com/example/gatlingproj/GotlingProjTest-context.xml] does not exist
15:13:50.896 [Test worker] DEBUG org.springframework.test.context.support.AbstractContextLoader - Did not detect default resource location for test class [com.example.gatlingproj.GotlingProjTest]: class path resource [com/example/gatlingproj/GotlingProjTestContext.groovy] does not exist
15:13:50.896 [Test worker] INFO org.springframework.test.context.support.AbstractContextLoader - Could not detect default resource locations for test class [com.example.gatlingproj.GotlingProjTest]: no resource found for suffixes {-context.xml, Context.groovy}.
15:13:50.897 [Test worker] INFO org.springframework.test.context.support.AnnotationConfigContextLoaderUtils - Could not detect default configuration classes for test class [com.example.gatlingproj.GotlingProjTest]: GotlingProjTest does not declare any static, non-private, non-final, nested classes annotated with @Configuration.
15:13:50.947 [Test worker] DEBUG org.springframework.test.context.support.ActiveProfilesUtils - Could not find an 'annotation declaring class' for annotation type [org.springframework.test.context.ActiveProfiles] and class [com.example.gatlingproj.GotlingProjTest]
15:13:51.034 [Test worker] DEBUG org.springframework.context.annotation.ClassPathScanningCandidateComponentProvider - Identified candidate component class: file [C:\Users\ASUS\Desktop\Eshqin_Hasanov_lab11\build\classes\java\main\com\example\gatlingproj\GatlingProj.class]
15:13:51.039 [Test worker] INFO org.springframework.boot.test.context.SpringBootTestContextBootstrapper - Found @SpringBootConfiguration com.example.gatlingproj.GatlingProj for test class com.example.gatlingproj.GotlingProjTest
15:13:51.168 [Test worker] DEBUG org.springframework.boot.test.context.SpringBootTestContextBootstrapper - @TestExecutionListeners is not present for class [com.example.gatlingproj.GotlingProjTest]: using defaults.
15:13:51.169 [Test worker] INFO org.springframework.boot.test.context.SpringBootTestContextBootstrapper - Loaded default TestExecutionListener class names from location [META-INF/spring.factories]: [org.springframework.boot.test.autoconfigure.restdocs.RestDocsTestExecutionListener, org.springframework.boot.test.autoconfigure.web.client.MockRestServiceServerResetTestExecutionListener, org.springframework.boot.test.autoconfigure.web.servlet.MockMvcPrintOnlyOnFailureTestExecutionListener, org.springframework.boot.test.autoconfigure.web.servlet.WebDriverTestExecutionListener, org.springframework.boot.test.autoconfigure.webservices.client.MockWebServiceServerTestExecutionListener, org.springframework.boot.test.mock.mockito.MockitoTestExecutionListener, org.springframework.boot.test.mock.mockito.ResetMocksTestExecutionListener, org.springframework.test.context.web.ServletTestExecutionListener, org.springframework.test.context.support.DirtiesContextBeforeModesTestExecutionListener, org.springframework.test.context.event.ApplicationEventsTestExecutionListener, org.springframework.test.context.support.DependencyInjectionTestExecutionListener, org.springframework.test.context.support.DirtiesContextTestExecutionListener, org.springframework.test.context.transaction.TransactionalTestExecutionListener, org.springframework.test.context.jdbc.SqlScriptsTestExecutionListener, org.springframework.test.context.event.EventPublishingTestExecutionListener]
15:13:51.192 [Test worker] INFO org.springframework.boot.test.context.SpringBootTestContextBootstrapper - Using TestExecutionListeners: [org.springframework.test.context.web.ServletTestExecutionListener@1e494f1a, org.springframework.test.context.support.DirtiesContextBeforeModesTestExecutionListener@5027ec54, org.springframework.test.context.event.ApplicationEventsTestExecutionListener@179d30ea, org.springframework.boot.test.mock.mockito.MockitoTestExecutionListener@4c9f5533, org.springframework.boot.test.autoconfigure.SpringBootDependencyInjectionTestExecutionListener@18fae225, org.springframework.test.context.support.DirtiesContextTestExecutionListener@7750f822, org.springframework.test.context.transaction.TransactionalTestExecutionListener@9b48c42, org.springframework.test.context.jdbc.SqlScriptsTestExecutionListener@3fb4668a, org.springframework.test.context.event.EventPublishingTestExecutionListener@70105093, org.springframework.boot.test.autoconfigure.restdocs.RestDocsTestExecutionListener@71375b, org.springframework.boot.test.autoconfigure.web.client.MockRestServiceServerResetTestExecutionListener@2d8a7d8b, org.springframework.boot.test.autoconfigure.web.servlet.MockMvcPrintOnlyOnFailureTestExecutionListener@3116ce86, org.springframework.boot.test.autoconfigure.web.servlet.WebDriverTestExecutionListener@43f094ff, org.springframework.boot.test.autoconfigure.webservices.client.MockWebServiceServerTestExecutionListener@4ab2b835, org.springframework.boot.test.mock.mockito.ResetMocksTestExecutionListener@34aae2cd]
15:13:51.197 [Test worker] DEBUG org.springframework.test.context.support.AbstractDirtiesContextTestExecutionListener - Before test class: context [DefaultTestContext@622ad099 testClass = GotlingProjTest, testInstance = [null], testMethod = [null], testException = [null], mergedContextConfiguration = [WebMergedContextConfiguration@4bb38197 testClass = GotlingProjTest, locations = '{}', classes = '{class com.example.gatlingproj.GatlingProj}', contextInitializerClasses = '[]', activeProfiles = '{}', propertySourceLocations = '{}', propertySourceProperties = '{org.springframework.boot.test.context.SpringBootTestContextBootstrapper=true}', contextCustomizers = set[org.springframework.boot.test.autoconfigure.actuate.metrics.MetricsExportContextCustomizerFactory$DisableMetricExportContextCustomizer@740bb789, org.springframework.boot.test.autoconfigure.properties.PropertyMappingContextCustomizer@0, org.springframework.boot.test.autoconfigure.web.servlet.WebDriverContextCustomizerFactory$Customizer@43956000, org.springframework.boot.test.context.filter.ExcludeFilterContextCustomizer@3eff77d, org.springframework.boot.test.json.DuplicateJsonObjectContextCustomizerFactory$DuplicateJsonObjectContextCustomizer@65abf4c5, org.springframework.boot.test.mock.mockito.MockitoContextCustomizer@0, org.springframework.boot.test.web.client.TestRestTemplateContextCustomizer@48c6b5ef, org.springframework.boot.test.context.SpringBootTestArgs@1, org.springframework.boot.test.context.SpringBootTestWebEnvironment@415793b8], resourceBasePath = 'src/main/webapp', contextLoader = 'org.springframework.boot.test.context.SpringBootContextLoader', parent = [null]], attributes = map['org.springframework.test.context.web.ServletTestExecutionListener.activateListener' -> true]], class annotated with @DirtiesContext [false] with mode [null].
15:13:51.262 [Test worker] DEBUG org.springframework.boot.ApplicationServletEnvironment - Activating profiles []
15:13:51.263 [Test worker] DEBUG org.springframework.test.context.support.TestPropertySourceUtils - Adding inlined properties to environment: {spring.jmx.enabled=false, org.springframework.boot.test.context.SpringBootTestContextBootstrapper=true}

  .   ____          _            __ _ _
 /\\ / ___'_ __ _ _(_)_ __  __ _ \ \ \ \
( ( )\___ | '_ | '_| | '_ \/ _` | \ \ \ \
 \\/  ___)| |_)| | | | | || (_| |  ) ) ) )
  '  |____| .__|_| |_|_| |_\__, | / / / /
 =========|_|==============|___/=/_/_/_/
 :: Spring Boot ::                (v2.6.1)

2022-12-02 15:13:51.606  INFO 27404 --- [    Test worker] com.example.gatlingproj.GotlingProjTest  : Starting GotlingProjTest using Java 15.0.2 on LAPTOP-OE0JAP6Q with PID 27404 (started by ASUS in C:\Users\ASUS\Desktop\Eshqin_Hasanov_lab11)
2022-12-02 15:13:51.607  INFO 27404 --- [    Test worker] com.example.gatlingproj.GotlingProjTest  : No active profile set, falling back to default profiles: default
2022-12-02 15:13:52.443  INFO 27404 --- [    Test worker] .s.d.r.c.RepositoryConfigurationDelegate : Bootstrapping Spring Data JPA repositories in DEFAULT mode.
2022-12-02 15:13:52.506  INFO 27404 --- [    Test worker] .s.d.r.c.RepositoryConfigurationDelegate : Finished Spring Data repository scanning in 52 ms. Found 1 JPA repository interfaces.
2022-12-02 15:13:53.257  INFO 27404 --- [    Test worker] o.hibernate.jpa.internal.util.LogHelper  : HHH000204: Processing PersistenceUnitInfo [name: default]
2022-12-02 15:13:53.342  INFO 27404 --- [    Test worker] org.hibernate.Version                    : HHH000412: Hibernate ORM core version 5.6.1.Final
2022-12-02 15:13:53.588  INFO 27404 --- [    Test worker] o.hibernate.annotations.common.Version   : HCANN000001: Hibernate Commons Annotations {5.1.2.Final}
2022-12-02 15:13:53.731  INFO 27404 --- [    Test worker] com.zaxxer.hikari.HikariDataSource       : HikariPool-1 - Starting...
2022-12-02 15:13:53.931  INFO 27404 --- [    Test worker] com.zaxxer.hikari.HikariDataSource       : HikariPool-1 - Start completed.
2022-12-02 15:13:53.957  INFO 27404 --- [    Test worker] org.hibernate.dialect.Dialect            : HHH000400: Using dialect: org.hibernate.dialect.PostgreSQLDialect
2022-12-02 15:13:54.801  INFO 27404 --- [    Test worker] o.h.e.t.j.p.i.JtaPlatformInitiator       : HHH000490: Using JtaPlatform implementation: [org.hibernate.engine.transaction.jta.platform.internal.NoJtaPlatform]
2022-12-02 15:13:54.812  INFO 27404 --- [    Test worker] j.LocalContainerEntityManagerFactoryBean : Initialized JPA EntityManagerFactory for persistence unit 'default'
2022-12-02 15:13:55.451  WARN 27404 --- [    Test worker] JpaBaseConfiguration$JpaWebConfiguration : spring.jpa.open-in-view is enabled by default. Therefore, database queries may be performed during view rendering. Explicitly configure spring.jpa.open-in-view to disable this warning
2022-12-02 15:13:56.489  INFO 27404 --- [    Test worker] com.example.gatlingproj.GotlingProjTest  : Started GotlingProjTest in 5.225 seconds (JVM running for 6.835)
]]></system-out>
  <system-err><![CDATA[]]></system-err>
</testsuite>
